<?xml version="1.0" encoding="UTF-8"?>
<!-- Generated by org.testng.reporters.JUnitReportReporter -->
<testsuite hostname="DESKTOP-OTGCL6O" failures="0" tests="2" name="Runners.TestRunner" time="65.726" errors="0" timestamp="2024-02-19T19:09:11 PST" skipped="0">
  <testcase classname="Runners.TestRunner" name="runScenario" time="31.774"/>
  <system-out/>
  <testcase classname="Runners.TestRunner" name="runScenario" time="33.952"/>
  <system-out/>
</testsuite> <!-- Runners.TestRunner -->
