<?xml version="1.0" encoding="UTF-8"?>
<!-- Generated by org.testng.reporters.JUnitReportReporter -->
<testsuite hostname="LAPTOP-F6VET88B" failures="0" tests="2" name="Runners.TestRunner" time="47.650" errors="0" timestamp="2024-02-17T12:16:58 EST" skipped="0">
  <testcase classname="Runners.TestRunner" name="runScenario" time="27.683"/>
  <testcase classname="Runners.TestRunner" name="runScenario" time="19.967"/>
</testsuite> <!-- Runners.TestRunner -->
